Started analysis of RNA_D1_PF.fq.gz
Started analysis of RNA_D1_PR.fq.gz
Approx 5% complete for RNA_D1_PF.fq.gz
Approx 5% complete for RNA_D1_PR.fq.gz
Approx 10% complete for RNA_D1_PR.fq.gz
Approx 10% complete for RNA_D1_PF.fq.gz
Approx 15% complete for RNA_D1_PR.fq.gz
Approx 15% complete for RNA_D1_PF.fq.gz
Approx 20% complete for RNA_D1_PR.fq.gz
Approx 20% complete for RNA_D1_PF.fq.gz
Approx 25% complete for RNA_D1_PR.fq.gz
Approx 25% complete for RNA_D1_PF.fq.gz
Approx 30% complete for RNA_D1_PR.fq.gz
Approx 30% complete for RNA_D1_PF.fq.gz
Approx 35% complete for RNA_D1_PR.fq.gz
Approx 35% complete for RNA_D1_PF.fq.gz
Approx 40% complete for RNA_D1_PR.fq.gz
Approx 40% complete for RNA_D1_PF.fq.gz
Approx 45% complete for RNA_D1_PR.fq.gz
Approx 45% complete for RNA_D1_PF.fq.gz
Approx 50% complete for RNA_D1_PR.fq.gz
Approx 50% complete for RNA_D1_PF.fq.gz
Approx 55% complete for RNA_D1_PR.fq.gz
Approx 55% complete for RNA_D1_PF.fq.gz
Approx 60% complete for RNA_D1_PR.fq.gz
Approx 60% complete for RNA_D1_PF.fq.gz
Approx 65% complete for RNA_D1_PR.fq.gz
Approx 65% complete for RNA_D1_PF.fq.gz
Approx 70% complete for RNA_D1_PR.fq.gz
Approx 70% complete for RNA_D1_PF.fq.gz
Approx 75% complete for RNA_D1_PR.fq.gz
Approx 75% complete for RNA_D1_PF.fq.gz
Approx 80% complete for RNA_D1_PR.fq.gz
Approx 80% complete for RNA_D1_PF.fq.gz
Approx 85% complete for RNA_D1_PR.fq.gz
Approx 85% complete for RNA_D1_PF.fq.gz
Approx 90% complete for RNA_D1_PR.fq.gz
Approx 90% complete for RNA_D1_PF.fq.gz
Approx 95% complete for RNA_D1_PR.fq.gz
Analysis complete for RNA_D1_PR.fq.gz
Approx 95% complete for RNA_D1_PF.fq.gz
Analysis complete for RNA_D1_PF.fq.gz
Started analysis of RNA_D1_UF.fq.gz
Approx 5% complete for RNA_D1_UF.fq.gz
Approx 10% complete for RNA_D1_UF.fq.gz
Approx 15% complete for RNA_D1_UF.fq.gz
Approx 20% complete for RNA_D1_UF.fq.gz
Started analysis of RNA_D1_UR.fq.gz
Approx 15% complete for RNA_D1_UR.fq.gz
Approx 30% complete for RNA_D1_UR.fq.gz
Approx 25% complete for RNA_D1_UF.fq.gz
Approx 45% complete for RNA_D1_UR.fq.gz
Approx 60% complete for RNA_D1_UR.fq.gz
Approx 80% complete for RNA_D1_UR.fq.gz
Approx 95% complete for RNA_D1_UR.fq.gz
Analysis complete for RNA_D1_UR.fq.gz
Approx 30% complete for RNA_D1_UF.fq.gz
Approx 35% complete for RNA_D1_UF.fq.gz
Approx 40% complete for RNA_D1_UF.fq.gz
Approx 45% complete for RNA_D1_UF.fq.gz
Approx 50% complete for RNA_D1_UF.fq.gz
Approx 55% complete for RNA_D1_UF.fq.gz
Approx 60% complete for RNA_D1_UF.fq.gz
Approx 65% complete for RNA_D1_UF.fq.gz
Approx 70% complete for RNA_D1_UF.fq.gz
Approx 75% complete for RNA_D1_UF.fq.gz
Approx 80% complete for RNA_D1_UF.fq.gz
Approx 85% complete for RNA_D1_UF.fq.gz
Approx 90% complete for RNA_D1_UF.fq.gz
Approx 95% complete for RNA_D1_UF.fq.gz
Analysis complete for RNA_D1_UF.fq.gz
Started analysis of RNA_D3_PF.fq.gz
Approx 5% complete for RNA_D3_PF.fq.gz
Approx 10% complete for RNA_D3_PF.fq.gz
Approx 15% complete for RNA_D3_PF.fq.gz
Started analysis of RNA_D3_PR.fq.gz
Approx 20% complete for RNA_D3_PF.fq.gz
Approx 5% complete for RNA_D3_PR.fq.gz
Approx 25% complete for RNA_D3_PF.fq.gz
Approx 10% complete for RNA_D3_PR.fq.gz
Approx 30% complete for RNA_D3_PF.fq.gz
Approx 15% complete for RNA_D3_PR.fq.gz
Approx 35% complete for RNA_D3_PF.fq.gz
Approx 20% complete for RNA_D3_PR.fq.gz
Approx 40% complete for RNA_D3_PF.fq.gz
Approx 25% complete for RNA_D3_PR.fq.gz
Approx 45% complete for RNA_D3_PF.fq.gz
Approx 30% complete for RNA_D3_PR.fq.gz
Approx 50% complete for RNA_D3_PF.fq.gz
Approx 35% complete for RNA_D3_PR.fq.gz
Approx 55% complete for RNA_D3_PF.fq.gz
Approx 40% complete for RNA_D3_PR.fq.gz
Approx 60% complete for RNA_D3_PF.fq.gz
Approx 45% complete for RNA_D3_PR.fq.gz
Approx 65% complete for RNA_D3_PF.fq.gz
Approx 50% complete for RNA_D3_PR.fq.gz
Approx 70% complete for RNA_D3_PF.fq.gz
Approx 55% complete for RNA_D3_PR.fq.gz
Approx 75% complete for RNA_D3_PF.fq.gz
Approx 60% complete for RNA_D3_PR.fq.gz
Approx 80% complete for RNA_D3_PF.fq.gz
Approx 65% complete for RNA_D3_PR.fq.gz
Approx 85% complete for RNA_D3_PF.fq.gz
Approx 70% complete for RNA_D3_PR.fq.gz
Approx 90% complete for RNA_D3_PF.fq.gz
Approx 75% complete for RNA_D3_PR.fq.gz
Approx 95% complete for RNA_D3_PF.fq.gz
Approx 80% complete for RNA_D3_PR.fq.gz
Analysis complete for RNA_D3_PF.fq.gz
Approx 85% complete for RNA_D3_PR.fq.gz
Approx 90% complete for RNA_D3_PR.fq.gz
Approx 95% complete for RNA_D3_PR.fq.gz
Analysis complete for RNA_D3_PR.fq.gz
Started analysis of RNA_D3_UF.fq.gz
Approx 5% complete for RNA_D3_UF.fq.gz
Approx 10% complete for RNA_D3_UF.fq.gz
Approx 15% complete for RNA_D3_UF.fq.gz
Approx 20% complete for RNA_D3_UF.fq.gz
Approx 25% complete for RNA_D3_UF.fq.gz
Approx 30% complete for RNA_D3_UF.fq.gz
Approx 35% complete for RNA_D3_UF.fq.gz
Approx 40% complete for RNA_D3_UF.fq.gz
Approx 45% complete for RNA_D3_UF.fq.gz
Started analysis of RNA_D3_UR.fq.gz
Approx 50% complete for RNA_D3_UF.fq.gz
Approx 20% complete for RNA_D3_UR.fq.gz
Approx 40% complete for RNA_D3_UR.fq.gz
Approx 65% complete for RNA_D3_UR.fq.gz
Approx 85% complete for RNA_D3_UR.fq.gz
Analysis complete for RNA_D3_UR.fq.gz
Approx 55% complete for RNA_D3_UF.fq.gz
Approx 60% complete for RNA_D3_UF.fq.gz
Approx 65% complete for RNA_D3_UF.fq.gz
Approx 70% complete for RNA_D3_UF.fq.gz
Approx 75% complete for RNA_D3_UF.fq.gz
Approx 80% complete for RNA_D3_UF.fq.gz
Approx 85% complete for RNA_D3_UF.fq.gz
Approx 90% complete for RNA_D3_UF.fq.gz
Approx 95% complete for RNA_D3_UF.fq.gz
Analysis complete for RNA_D3_UF.fq.gz
